#
# There is insufficient memory for the Java Runtime Environment to continue.
# Native memory allocation (malloc) failed to allocate 89522176 bytes for committing reserved memory.
# Possible reasons:
#   The system is out of physical RAM or swap space
#   In 32 bit mode, the process size limit was hit
# Possible solutions:
#   Reduce memory load on the system
#   Increase physical memory or swap space
#   Check if swap backing store is full
#   Use 64 bit Java on a 64 bit OS
#   Decrease Java heap size (-Xmx/-Xms)
#   Decrease number of Java threads
#   Decrease Java thread stack sizes (-Xss)
#   Set larger code cache with -XX:ReservedCodeCacheSize=
# This output file may be truncated or incomplete.
#
#  Out of Memory Error (os_linux.cpp:2769), pid=4205, tid=3064003440
#
# JRE version:  (7.0_55-b14) (build )
# Java VM: OpenJDK Client VM (24.51-b03 mixed mode, sharing linux-x86 )
# Failed to write core dump. Core dumps have been disabled. To enable core dumping, try "ulimit -c unlimited" before starting Java again
#

---------------  T H R E A D  ---------------

Current thread (0x09399800):  JavaThread "Unknown thread" [_thread_in_vm, id=4206, stack(0xb69bf000,0xb6a10000)]

Stack: [0xb69bf000,0xb6a10000]

---------------  P R O C E S S  ---------------

Java Threads: ( => current thread )

Other Threads:

=>0x09399800 (exited) JavaThread "Unknown thread" [_thread_in_vm, id=4206, stack(0xb69bf000,0xb6a10000)]

VM state:not at safepoint (not fully initialized)

VM Mutex/Monitor currently owned by a thread: None

GC Heap History (0 events):
No events

Deoptimization events (0 events):
No events

Internal exceptions (0 events):
No events

Events (0 events):
No events


Dynamic libraries:
08048000-08049000 r-xp 00000000 08:01 4880       /usr/lib/jvm/java-7-openjdk-i386/jre/bin/java
08049000-0804a000 r--p 00000000 08:01 4880       /usr/lib/jvm/java-7-openjdk-i386/jre/bin/java
0804a000-0804b000 rw-p 00001000 08:01 4880       /usr/lib/jvm/java-7-openjdk-i386/jre/bin/java
09390000-093e6000 rw-p 00000000 00:00 0          [heap]
4eb30000-515d0000 rw-p 00000000 00:00 0 
515d0000-64080000 rw-p 00000000 00:00 0 
695e0000-94930000 rw-p 00000000 00:00 0 
b4691000-b46a7000 rw-p 00000000 00:00 0 
b46a7000-b48bc000 rw-p 00000000 00:00 0 
b48bc000-b48be000 rw-p 00000000 00:00 0 
b48be000-b493d000 rw-p 00000000 00:00 0 
b493d000-b4965000 rwxp 00000000 00:00 0 
b4965000-b693d000 rw-p 00000000 00:00 0 
b693d000-b6947000 r-xp 00000000 08:01 231        /lib/i386-linux-gnu/i686/cmov/libnss_files-2.13.so
b6947000-b6948000 r--p 00009000 08:01 231        /lib/i386-linux-gnu/i686/cmov/libnss_files-2.13.so
b6948000-b6949000 rw-p 0000a000 08:01 231        /lib/i386-linux-gnu/i686/cmov/libnss_files-2.13.so
b6949000-b6952000 r-xp 00000000 08:01 229        /lib/i386-linux-gnu/i686/cmov/libnss_nis-2.13.so
b6952000-b6953000 r--p 00008000 08:01 229        /lib/i386-linux-gnu/i686/cmov/libnss_nis-2.13.so
b6953000-b6954000 rw-p 00009000 08:01 229        /lib/i386-linux-gnu/i686/cmov/libnss_nis-2.13.so
b6954000-b6967000 r-xp 00000000 08:01 263        /lib/i386-linux-gnu/i686/cmov/libnsl-2.13.so
b6967000-b6968000 r--p 00012000 08:01 263        /lib/i386-linux-gnu/i686/cmov/libnsl-2.13.so
b6968000-b6969000 rw-p 00013000 08:01 263        /lib/i386-linux-gnu/i686/cmov/libnsl-2.13.so
b6969000-b696b000 rw-p 00000000 00:00 0 
b696b000-b6971000 r-xp 00000000 08:01 225        /lib/i386-linux-gnu/i686/cmov/libnss_compat-2.13.so
b6971000-b6972000 r--p 00005000 08:01 225        /lib/i386-linux-gnu/i686/cmov/libnss_compat-2.13.so
b6972000-b6973000 rw-p 00006000 08:01 225        /lib/i386-linux-gnu/i686/cmov/libnss_compat-2.13.so
b6974000-b697c000 r-xp 00000000 08:01 12879      /usr/lib/jvm/java-7-openjdk-i386/jre/lib/i386/libzip.so
b697c000-b697d000 r--p 00007000 08:01 12879      /usr/lib/jvm/java-7-openjdk-i386/jre/lib/i386/libzip.so
b697d000-b697e000 rw-p 00008000 08:01 12879      /usr/lib/jvm/java-7-openjdk-i386/jre/lib/i386/libzip.so
b697e000-b69a5000 r-xp 00000000 08:01 11450      /usr/lib/jvm/java-7-openjdk-i386/jre/lib/i386/libjava.so
b69a5000-b69a6000 r--p 00026000 08:01 11450      /usr/lib/jvm/java-7-openjdk-i386/jre/lib/i386/libjava.so
b69a6000-b69a7000 rw-p 00027000 08:01 11450      /usr/lib/jvm/java-7-openjdk-i386/jre/lib/i386/libjava.so
b69a7000-b69b4000 r-xp 00000000 08:01 12869      /usr/lib/jvm/java-7-openjdk-i386/jre/lib/i386/libverify.so
b69b4000-b69b5000 r--p 0000d000 08:01 12869      /usr/lib/jvm/java-7-openjdk-i386/jre/lib/i386/libverify.so
b69b5000-b69b6000 rw-p 0000e000 08:01 12869      /usr/lib/jvm/java-7-openjdk-i386/jre/lib/i386/libverify.so
b69b6000-b69bd000 r-xp 00000000 08:01 242        /lib/i386-linux-gnu/i686/cmov/librt-2.13.so
b69bd000-b69be000 r--p 00006000 08:01 242        /lib/i386-linux-gnu/i686/cmov/librt-2.13.so
b69be000-b69bf000 rw-p 00007000 08:01 242        /lib/i386-linux-gnu/i686/cmov/librt-2.13.so
b69bf000-b69c2000 ---p 00000000 00:00 0 
b69c2000-b6a10000 rw-p 00000000 00:00 0 
b6a10000-b6a2c000 r-xp 00000000 08:01 195        /lib/i386-linux-gnu/libgcc_s.so.1
b6a2c000-b6a2d000 rw-p 0001b000 08:01 195        /lib/i386-linux-gnu/libgcc_s.so.1
b6a2d000-b6a51000 r-xp 00000000 08:01 228        /lib/i386-linux-gnu/i686/cmov/libm-2.13.so
b6a51000-b6a52000 r--p 00023000 08:01 228        /lib/i386-linux-gnu/i686/cmov/libm-2.13.so
b6a52000-b6a53000 rw-p 00024000 08:01 228        /lib/i386-linux-gnu/i686/cmov/libm-2.13.so
b6a53000-b6b33000 r-xp 00000000 08:01 2712       /usr/lib/i386-linux-gnu/libstdc++.so.6.0.17
b6b33000-b6b37000 r--p 000e0000 08:01 2712       /usr/lib/i386-linux-gnu/libstdc++.so.6.0.17
b6b37000-b6b38000 rw-p 000e4000 08:01 2712       /usr/lib/i386-linux-gnu/libstdc++.so.6.0.17
b6b38000-b6b3f000 rw-p 00000000 00:00 0 
b6b3f000-b713a000 r-xp 00000000 08:01 11514      /usr/lib/jvm/java-7-openjdk-i386/jre/lib/i386/client/libjvm.so
b713a000-b713b000 ---p 005fb000 08:01 11514      /usr/lib/jvm/java-7-openjdk-i386/jre/lib/i386/client/libjvm.so
b713b000-b7152000 r--p 005fb000 08:01 11514      /usr/lib/jvm/java-7-openjdk-i386/jre/lib/i386/client/libjvm.so
b7152000-b7161000 rw-p 00612000 08:01 11514      /usr/lib/jvm/java-7-openjdk-i386/jre/lib/i386/client/libjvm.so
b7161000-b757c000 rw-p 00000000 00:00 0 
b757c000-b7593000 r-xp 00000000 08:01 2437       /lib/i386-linux-gnu/libz.so.1.2.7
b7593000-b7594000 r--p 00016000 08:01 2437       /lib/i386-linux-gnu/libz.so.1.2.7
b7594000-b7595000 rw-p 00017000 08:01 2437       /lib/i386-linux-gnu/libz.so.1.2.7
b7595000-b76f2000 r-xp 00000000 08:01 695        /lib/i386-linux-gnu/i686/cmov/libc-2.13.so
b76f2000-b76f3000 ---p 0015d000 08:01 695        /lib/i386-linux-gnu/i686/cmov/libc-2.13.so
b76f3000-b76f5000 r--p 0015d000 08:01 695        /lib/i386-linux-gnu/i686/cmov/libc-2.13.so
b76f5000-b76f6000 rw-p 0015f000 08:01 695        /lib/i386-linux-gnu/i686/cmov/libc-2.13.so
b76f6000-b76f9000 rw-p 00000000 00:00 0 
b76f9000-b76fb000 r-xp 00000000 08:01 245        /lib/i386-linux-gnu/i686/cmov/libdl-2.13.so
b76fb000-b76fc000 r--p 00001000 08:01 245        /lib/i386-linux-gnu/i686/cmov/libdl-2.13.so
b76fc000-b76fd000 rw-p 00002000 08:01 245        /lib/i386-linux-gnu/i686/cmov/libdl-2.13.so
b76fd000-b770a000 r-xp 00000000 08:01 11452      /usr/lib/jvm/java-7-openjdk-i386/jre/lib/i386/jli/libjli.so
b770a000-b770b000 r--p 0000c000 08:01 11452      /usr/lib/jvm/java-7-openjdk-i386/jre/lib/i386/jli/libjli.so
b770b000-b770c000 rw-p 0000d000 08:01 11452      /usr/lib/jvm/java-7-openjdk-i386/jre/lib/i386/jli/libjli.so
b770c000-b770d000 rw-p 00000000 00:00 0 
b770d000-b7722000 r-xp 00000000 08:01 687        /lib/i386-linux-gnu/i686/cmov/libpthread-2.13.so
b7722000-b7723000 r--p 00014000 08:01 687        /lib/i386-linux-gnu/i686/cmov/libpthread-2.13.so
b7723000-b7724000 rw-p 00015000 08:01 687        /lib/i386-linux-gnu/i686/cmov/libpthread-2.13.so
b7724000-b7726000 rw-p 00000000 00:00 0 
b7727000-b772f000 rw-s 00000000 08:01 224460     /tmp/hsperfdata_developer/4205
b772f000-b7730000 rw-p 00000000 00:00 0 
b7730000-b7731000 r--p 00000000 00:00 0 
b7731000-b7733000 rw-p 00000000 00:00 0 
b7733000-b7734000 r-xp 00000000 00:00 0          [vdso]
b7734000-b7750000 r-xp 00000000 08:01 886        /lib/i386-linux-gnu/ld-2.13.so
b7750000-b7751000 r--p 0001b000 08:01 886        /lib/i386-linux-gnu/ld-2.13.so
b7751000-b7752000 rw-p 0001c000 08:01 886        /lib/i386-linux-gnu/ld-2.13.so
bfed3000-bfef4000 rw-p 00000000 00:00 0          [stack]

VM Arguments:
jvm_args: -Xms128m -Xmx1024m -Djava.awt.headless=true 
java_command: /home/developer/bin/Sencha/Cmd/4.0.2.67/sencha.jar app build
Launcher Type: SUN_STANDARD

Environment Variables:
PATH=/home/developer/bin/Sencha/Cmd/4.0.2.67:/usr/local/bin:/usr/bin:/bin:/usr/local/games:/usr/games
SHELL=/bin/bash
DISPLAY=:0.0

Signal Handlers:
SIGSEGV: [libjvm.so+0x4d4fd0], sa_mask[0]=0x7ffbfeff, sa_flags=0x10000004
SIGBUS: [libjvm.so+0x4d4fd0], sa_mask[0]=0x7ffbfeff, sa_flags=0x10000004
SIGFPE: [libjvm.so+0x3b71e0], sa_mask[0]=0x7ffbfeff, sa_flags=0x10000004
SIGPIPE: [libjvm.so+0x3b71e0], sa_mask[0]=0x7ffbfeff, sa_flags=0x10000004
SIGXFSZ: [libjvm.so+0x3b71e0], sa_mask[0]=0x7ffbfeff, sa_flags=0x10000004
SIGILL: [libjvm.so+0x3b71e0], sa_mask[0]=0x7ffbfeff, sa_flags=0x10000004
SIGUSR1: SIG_DFL, sa_mask[0]=0x00000000, sa_flags=0x00000000
SIGUSR2: [libjvm.so+0x3b7320], sa_mask[0]=0x00000000, sa_flags=0x10000004
SIGHUP: SIG_DFL, sa_mask[0]=0x00000000, sa_flags=0x00000000
SIGINT: SIG_DFL, sa_mask[0]=0x00000000, sa_flags=0x00000000
SIGTERM: SIG_DFL, sa_mask[0]=0x00000000, sa_flags=0x00000000
SIGQUIT: SIG_DFL, sa_mask[0]=0x00000000, sa_flags=0x00000000


---------------  S Y S T E M  ---------------

OS:7.5

uname:Linux 3.2.0-4-686-pae #1 SMP Debian 3.2.57-3+deb7u1 i686
libc:glibc 2.13 NPTL 2.13 
rlimit: STACK 8192k, CORE 0k, NPROC 3937, NOFILE 4096, AS infinity
load average:1.50 0.93 0.59

/proc/meminfo:
MemTotal:         514392 kB
MemFree:            5128 kB
Buffers:            2944 kB
Cached:            71300 kB
SwapCached:            0 kB
Active:           437160 kB
Inactive:          40924 kB
Active(anon):     404968 kB
Inactive(anon):     7676 kB
Active(file):      32192 kB
Inactive(file):    33248 kB
Unevictable:           0 kB
Mlocked:               0 kB
HighTotal:             0 kB
HighFree:              0 kB
LowTotal:         514392 kB
LowFree:            5128 kB
SwapTotal:             0 kB
SwapFree:              0 kB
Dirty:                56 kB
Writeback:             8 kB
AnonPages:        403860 kB
Mapped:            44464 kB
Shmem:              8788 kB
Slab:              16152 kB
SReclaimable:       7584 kB
SUnreclaim:         8568 kB
KernelStack:        2584 kB
PageTables:         6684 kB
NFS_Unstable:          0 kB
Bounce:                0 kB
WritebackTmp:          0 kB
CommitLimit:      257196 kB
Committed_AS:    1678824 kB
VmallocTotal:     510008 kB
VmallocUsed:       19948 kB
VmallocChunk:     489272 kB
HardwareCorrupted:     0 kB
AnonHugePages:         0 kB
HugePages_Total:       0
HugePages_Free:        0
HugePages_Rsvd:        0
HugePages_Surp:        0
Hugepagesize:       2048 kB
DirectMap4k:       36800 kB
DirectMap2M:      487424 kB


CPU:total 1 (1 cores per cpu, 1 threads per core) family 6 model 15 stepping 6, cmov, cx8, fxsr, mmx, sse, sse2, sse3, ssse3, tsc

/proc/cpuinfo:
processor	: 0
vendor_id	: GenuineIntel
cpu family	: 6
model		: 15
model name	: Intel(R) Core(TM)2 CPU         T7400  @ 2.16GHz
stepping	: 6
cpu MHz		: 0.000
cache size	: 6144 KB
fdiv_bug	: no
hlt_bug		: no
f00f_bug	: no
coma_bug	: no
fpu		: yes
fpu_exception	: yes
cpuid level	: 5
wp		: yes
flags		: fpu vme de pse tsc msr pae mce cx8 apic sep mtrr pge mca cmov pat pse36 clflush mmx fxsr sse sse2 nx constant_tsc up pni monitor ssse3
bogomips	: 952.32
clflush size	: 64
cache_alignment	: 64
address sizes	: 36 bits physical, 48 bits virtual
power management:



Memory: 4k page, physical 514392k(5128k free), swap 0k(0k free)

vm_info: OpenJDK Client VM (24.51-b03) for linux-x86 JRE (1.7.0_55-b14), built on Apr 30 2014 11:00:19 by "jmm" with gcc 4.7.2

time: Tue Jul 29 23:16:58 2014
elapsed time: 1 seconds

